-------------------------------------------------------------------------------
Test set: com.fungus.fungusApp.FungusControllerTest
-------------------------------------------------------------------------------
Tests run: 1, Failures: 1, Errors: 0, Skipped: 0, Time elapsed: 1.183 s <<< FAILURE! - in com.fungus.fungusApp.FungusControllerTest
getRandom  Time elapsed: 0.488 s  <<< FAILURE!
java.lang.AssertionError: expected:<200> but was:<500>
	at com.fungus.fungusApp.FungusControllerTest.getRandom(FungusControllerTest.java:29)

