<?xml version="1.0" encoding="UTF-8"?>
<testsuite xmlns:xsi="http://www.w3.org/2001/XMLSchema-instance" xsi:noNamespaceSchemaLocation="https://maven.apache.org/surefire/maven-surefire-plugin/xsd/surefire-test-report.xsd" name="com.fungus.fungusApp.FungusControllerTest" time="1.183" tests="1" errors="0" skipped="0" failures="1">
  <properties>
[...]
</properties>
  <testcase name="getRandom" classname="com.fungus.fungusApp.FungusControllerTest" time="0.488">
    <failure message="expected:&lt;200&gt; but was:&lt;500&gt;" type="java.lang.AssertionError"><![CDATA[java.lang.AssertionError: expected:<200> but was:<500>
	at com.fungus.fungusApp.FungusControllerTest.getRandom(FungusControllerTest.java:29)
]]></failure>
    <system-out><![CDATA[09:12:43.582 [main] DEBUG org.springframework.test.context.junit4.SpringJUnit4ClassRunner - SpringJUnit4ClassRunner constructor called with [class com.fungus.fungusApp.FungusControllerTest]
09:12:43.585 [main] DEBUG org.springframework.test.context.BootstrapUtils - Instantiating CacheAwareContextLoaderDelegate from class [org.springframework.test.context.cache.DefaultCacheAwareContextLoaderDelegate]
09:12:43.591 [main] DEBUG org.springframework.test.context.BootstrapUtils - Instantiating BootstrapContext using constructor [public org.springframework.test.context.support.DefaultBootstrapContext(java.lang.Class,org.springframework.test.context.CacheAwareContextLoaderDelegate)]
09:12:43.641 [main] DEBUG org.springframework.test.context.BootstrapUtils - Instantiating TestContextBootstrapper for test class [com.fungus.fungusApp.FungusControllerTest] from class [org.springframework.boot.test.context.SpringBootTestContextBootstrapper]
09:12:43.657 [main] INFO org.springframework.boot.test.context.SpringBootTestContextBootstrapper - Neither @ContextConfiguration nor @ContextHierarchy found for test class [com.fungus.fungusApp.FungusControllerTest], using SpringBootContextLoader
09:12:43.662 [main] DEBUG org.springframework.test.context.support.AbstractContextLoader - Did not detect default resource location for test class [com.fungus.fungusApp.FungusControllerTest]: class path resource [com/fungus/fungusApp/FungusControllerTest-context.xml] does not exist
09:12:43.664 [main] DEBUG org.springframework.test.context.support.AbstractContextLoader - Did not detect default resource location for test class [com.fungus.fungusApp.FungusControllerTest]: class path resource [com/fungus/fungusApp/FungusControllerTestContext.groovy] does not exist
09:12:43.664 [main] INFO org.springframework.test.context.support.AbstractContextLoader - Could not detect default resource locations for test class [com.fungus.fungusApp.FungusControllerTest]: no resource found for suffixes {-context.xml, Context.groovy}.
09:12:43.769 [main] DEBUG org.springframework.test.context.support.ActiveProfilesUtils - Could not find an 'annotation declaring class' for annotation type [org.springframework.test.context.ActiveProfiles] and class [com.fungus.fungusApp.FungusControllerTest]
09:12:43.858 [main] DEBUG org.springframework.boot.test.context.SpringBootTestContextBootstrapper - @TestExecutionListeners is not present for class [com.fungus.fungusApp.FungusControllerTest]: using defaults.
09:12:43.859 [main] INFO org.springframework.boot.test.context.SpringBootTestContextBootstrapper - Loaded default TestExecutionListener class names from location [META-INF/spring.factories]: [org.springframework.boot.test.mock.mockito.MockitoTestExecutionListener, org.springframework.boot.test.mock.mockito.ResetMocksTestExecutionListener, org.springframework.boot.test.autoconfigure.restdocs.RestDocsTestExecutionListener, org.springframework.boot.test.autoconfigure.web.client.MockRestServiceServerResetTestExecutionListener, org.springframework.boot.test.autoconfigure.web.servlet.MockMvcPrintOnlyOnFailureTestExecutionListener, org.springframework.boot.test.autoconfigure.web.servlet.WebDriverTestExecutionListener, org.springframework.test.context.web.ServletTestExecutionListener, org.springframework.test.context.support.DirtiesContextBeforeModesTestExecutionListener, org.springframework.test.context.support.DependencyInjectionTestExecutionListener, org.springframework.test.context.support.DirtiesContextTestExecutionListener, org.springframework.test.context.transaction.TransactionalTestExecutionListener, org.springframework.test.context.jdbc.SqlScriptsTestExecutionListener, org.springframework.test.context.event.EventPublishingTestExecutionListener]
09:12:43.868 [main] DEBUG org.springframework.boot.test.context.SpringBootTestContextBootstrapper - Skipping candidate TestExecutionListener [org.springframework.test.context.transaction.TransactionalTestExecutionListener] due to a missing dependency. Specify custom listener classes or make the default listener classes and their required dependencies available. Offending class: [org/springframework/transaction/interceptor/TransactionAttributeSource]
09:12:43.868 [main] DEBUG org.springframework.boot.test.context.SpringBootTestContextBootstrapper - Skipping candidate TestExecutionListener [org.springframework.test.context.jdbc.SqlScriptsTestExecutionListener] due to a missing dependency. Specify custom listener classes or make the default listener classes and their required dependencies available. Offending class: [org/springframework/transaction/interceptor/TransactionAttribute]
09:12:43.869 [main] INFO org.springframework.boot.test.context.SpringBootTestContextBootstrapper - Using TestExecutionListeners: [org.springframework.test.context.web.ServletTestExecutionListener@6d60fe40, org.springframework.test.context.support.DirtiesContextBeforeModesTestExecutionListener@792b749c, org.springframework.boot.test.mock.mockito.MockitoTestExecutionListener@23e84203, org.springframework.boot.test.autoconfigure.SpringBootDependencyInjectionTestExecutionListener@19932c16, org.springframework.test.context.support.DirtiesContextTestExecutionListener@73eb439a, org.springframework.test.context.event.EventPublishingTestExecutionListener@514646ef, org.springframework.boot.test.mock.mockito.ResetMocksTestExecutionListener@305ffe9e, org.springframework.boot.test.autoconfigure.restdocs.RestDocsTestExecutionListener@302c971f, org.springframework.boot.test.autoconfigure.web.client.MockRestServiceServerResetTestExecutionListener@1972e513, org.springframework.boot.test.autoconfigure.web.servlet.MockMvcPrintOnlyOnFailureTestExecutionListener@7ae0a9ec, org.springframework.boot.test.autoconfigure.web.servlet.WebDriverTestExecutionListener@35841320]
09:12:43.873 [main] DEBUG org.springframework.test.annotation.ProfileValueUtils - Retrieved @ProfileValueSourceConfiguration [null] for test class [com.fungus.fungusApp.FungusControllerTest]
09:12:43.874 [main] DEBUG org.springframework.test.annotation.ProfileValueUtils - Retrieved ProfileValueSource type [class org.springframework.test.annotation.SystemProfileValueSource] for class [com.fungus.fungusApp.FungusControllerTest]
09:12:43.937 [main] DEBUG org.springframework.test.context.junit4.SpringJUnit4ClassRunner - SpringJUnit4ClassRunner constructor called with [class com.fungus.fungusApp.FungusControllerTest]
09:12:43.937 [main] DEBUG org.springframework.test.context.BootstrapUtils - Instantiating CacheAwareContextLoaderDelegate from class [org.springframework.test.context.cache.DefaultCacheAwareContextLoaderDelegate]
09:12:43.937 [main] DEBUG org.springframework.test.context.BootstrapUtils - Instantiating BootstrapContext using constructor [public org.springframework.test.context.support.DefaultBootstrapContext(java.lang.Class,org.springframework.test.context.CacheAwareContextLoaderDelegate)]
09:12:43.938 [main] DEBUG org.springframework.test.context.BootstrapUtils - Instantiating TestContextBootstrapper for test class [com.fungus.fungusApp.FungusControllerTest] from class [org.springframework.boot.test.context.SpringBootTestContextBootstrapper]
09:12:43.939 [main] INFO org.springframework.boot.test.context.SpringBootTestContextBootstrapper - Neither @ContextConfiguration nor @ContextHierarchy found for test class [com.fungus.fungusApp.FungusControllerTest], using SpringBootContextLoader
09:12:43.940 [main] DEBUG org.springframework.test.context.support.AbstractContextLoader - Did not detect default resource location for test class [com.fungus.fungusApp.FungusControllerTest]: class path resource [com/fungus/fungusApp/FungusControllerTest-context.xml] does not exist
09:12:43.941 [main] DEBUG org.springframework.test.context.support.AbstractContextLoader - Did not detect default resource location for test class [com.fungus.fungusApp.FungusControllerTest]: class path resource [com/fungus/fungusApp/FungusControllerTestContext.groovy] does not exist
09:12:43.942 [main] INFO org.springframework.test.context.support.AbstractContextLoader - Could not detect default resource locations for test class [com.fungus.fungusApp.FungusControllerTest]: no resource found for suffixes {-context.xml, Context.groovy}.
09:12:43.950 [main] DEBUG org.springframework.test.context.support.ActiveProfilesUtils - Could not find an 'annotation declaring class' for annotation type [org.springframework.test.context.ActiveProfiles] and class [com.fungus.fungusApp.FungusControllerTest]
09:12:43.971 [main] DEBUG org.springframework.boot.test.context.SpringBootTestContextBootstrapper - @TestExecutionListeners is not present for class [com.fungus.fungusApp.FungusControllerTest]: using defaults.
09:12:43.973 [main] INFO org.springframework.boot.test.context.SpringBootTestContextBootstrapper - Loaded default TestExecutionListener class names from location [META-INF/spring.factories]: [org.springframework.boot.test.mock.mockito.MockitoTestExecutionListener, org.springframework.boot.test.mock.mockito.ResetMocksTestExecutionListener, org.springframework.boot.test.autoconfigure.restdocs.RestDocsTestExecutionListener, org.springframework.boot.test.autoconfigure.web.client.MockRestServiceServerResetTestExecutionListener, org.springframework.boot.test.autoconfigure.web.servlet.MockMvcPrintOnlyOnFailureTestExecutionListener, org.springframework.boot.test.autoconfigure.web.servlet.WebDriverTestExecutionListener, org.springframework.test.context.web.ServletTestExecutionListener, org.springframework.test.context.support.DirtiesContextBeforeModesTestExecutionListener, org.springframework.test.context.support.DependencyInjectionTestExecutionListener, org.springframework.test.context.support.DirtiesContextTestExecutionListener, org.springframework.test.context.transaction.TransactionalTestExecutionListener, org.springframework.test.context.jdbc.SqlScriptsTestExecutionListener, org.springframework.test.context.event.EventPublishingTestExecutionListener]
09:12:43.977 [main] DEBUG org.springframework.boot.test.context.SpringBootTestContextBootstrapper - Skipping candidate TestExecutionListener [org.springframework.test.context.transaction.TransactionalTestExecutionListener] due to a missing dependency. Specify custom listener classes or make the default listener classes and their required dependencies available. Offending class: [org/springframework/transaction/interceptor/TransactionAttributeSource]
09:12:43.981 [main] DEBUG org.springframework.boot.test.context.SpringBootTestContextBootstrapper - Skipping candidate TestExecutionListener [org.springframework.test.context.jdbc.SqlScriptsTestExecutionListener] due to a missing dependency. Specify custom listener classes or make the default listener classes and their required dependencies available. Offending class: [org/springframework/transaction/interceptor/TransactionAttribute]
09:12:43.982 [main] INFO org.springframework.boot.test.context.SpringBootTestContextBootstrapper - Using TestExecutionListeners: [org.springframework.test.context.web.ServletTestExecutionListener@23f5b5dc, org.springframework.test.context.support.DirtiesContextBeforeModesTestExecutionListener@34bde49d, org.springframework.boot.test.mock.mockito.MockitoTestExecutionListener@1b1cfb87, org.springframework.boot.test.autoconfigure.SpringBootDependencyInjectionTestExecutionListener@821330f, org.springframework.test.context.support.DirtiesContextTestExecutionListener@6f43c82, org.springframework.test.context.event.EventPublishingTestExecutionListener@5db6b9cd, org.springframework.boot.test.mock.mockito.ResetMocksTestExecutionListener@210ab13f, org.springframework.boot.test.autoconfigure.restdocs.RestDocsTestExecutionListener@20b2475a, org.springframework.boot.test.autoconfigure.web.client.MockRestServiceServerResetTestExecutionListener@7857fe2, org.springframework.boot.test.autoconfigure.web.servlet.MockMvcPrintOnlyOnFailureTestExecutionListener@6f15d60e, org.springframework.boot.test.autoconfigure.web.servlet.WebDriverTestExecutionListener@1be2019a]
09:12:43.982 [main] DEBUG org.springframework.test.annotation.ProfileValueUtils - Retrieved @ProfileValueSourceConfiguration [null] for test class [com.fungus.fungusApp.FungusControllerTest]
09:12:43.982 [main] DEBUG org.springframework.test.annotation.ProfileValueUtils - Retrieved ProfileValueSource type [class org.springframework.test.annotation.SystemProfileValueSource] for class [com.fungus.fungusApp.FungusControllerTest]
09:12:44.047 [main] DEBUG org.springframework.test.annotation.ProfileValueUtils - Retrieved @ProfileValueSourceConfiguration [null] for test class [com.fungus.fungusApp.FungusControllerTest]
09:12:44.047 [main] DEBUG org.springframework.test.annotation.ProfileValueUtils - Retrieved ProfileValueSource type [class org.springframework.test.annotation.SystemProfileValueSource] for class [com.fungus.fungusApp.FungusControllerTest]
09:12:44.057 [main] DEBUG org.springframework.test.annotation.ProfileValueUtils - Retrieved @ProfileValueSourceConfiguration [null] for test class [com.fungus.fungusApp.FungusControllerTest]
09:12:44.058 [main] DEBUG org.springframework.test.annotation.ProfileValueUtils - Retrieved ProfileValueSource type [class org.springframework.test.annotation.SystemProfileValueSource] for class [com.fungus.fungusApp.FungusControllerTest]
09:12:44.059 [main] DEBUG org.springframework.test.annotation.ProfileValueUtils - Retrieved @ProfileValueSourceConfiguration [null] for test class [com.fungus.fungusApp.FungusControllerTest]
09:12:44.059 [main] DEBUG org.springframework.test.annotation.ProfileValueUtils - Retrieved ProfileValueSource type [class org.springframework.test.annotation.SystemProfileValueSource] for class [com.fungus.fungusApp.FungusControllerTest]
09:12:44.063 [main] DEBUG org.springframework.test.context.support.AbstractDirtiesContextTestExecutionListener - Before test class: context [DefaultTestContext@37fb0bed testClass = FungusControllerTest, testInstance = [null], testMethod = [null], testException = [null], mergedContextConfiguration = [WebMergedContextConfiguration@a82c5f1 testClass = FungusControllerTest, locations = '{}', classes = '{class com.fungus.fungusapp.ops.BasicOps, class com.fungus.fungusapp.ops.BasicOps}', contextInitializerClasses = '[]', activeProfiles = '{}', propertySourceLocations = '{}', propertySourceProperties = '{org.springframework.boot.test.context.SpringBootTestContextBootstrapper=true}', contextCustomizers = set[org.springframework.boot.test.context.filter.ExcludeFilterContextCustomizer@6989da5e, org.springframework.boot.test.json.DuplicateJsonObjectContextCustomizerFactory$DuplicateJsonObjectContextCustomizer@682b2fa, org.springframework.boot.test.mock.mockito.MockitoContextCustomizer@0, org.springframework.boot.test.web.client.TestRestTemplateContextCustomizer@489115ef, org.springframework.boot.test.autoconfigure.properties.PropertyMappingContextCustomizer@0, org.springframework.boot.test.autoconfigure.web.servlet.WebDriverContextCustomizerFactory$Customizer@fa4c865, org.springframework.test.context.web.socket.MockServerContainerContextCustomizer@6c40365c], resourceBasePath = 'src/main/webapp', contextLoader = 'org.springframework.boot.test.context.SpringBootContextLoader', parent = [null]], attributes = map['org.springframework.test.context.web.ServletTestExecutionListener.activateListener' -> true]], class annotated with @DirtiesContext [false] with mode [null].
09:12:44.070 [main] DEBUG org.springframework.test.annotation.ProfileValueUtils - Retrieved @ProfileValueSourceConfiguration [null] for test class [com.fungus.fungusApp.FungusControllerTest]
09:12:44.071 [main] DEBUG org.springframework.test.annotation.ProfileValueUtils - Retrieved ProfileValueSource type [class org.springframework.test.annotation.SystemProfileValueSource] for class [com.fungus.fungusApp.FungusControllerTest]
09:12:44.128 [main] DEBUG org.springframework.test.context.support.TestPropertySourceUtils - Adding inlined properties to environment: {spring.jmx.enabled=false, org.springframework.boot.test.context.SpringBootTestContextBootstrapper=true, server.port=-1}

  .   ____          _            __ _ _
 /\\ / ___'_ __ _ _(_)_ __  __ _ \ \ \ \
( ( )\___ | '_ | '_| | '_ \/ _` | \ \ \ \
 \\/  ___)| |_)| | | | | || (_| |  ) ) ) )
  '  |____| .__|_| |_|_| |_\__, | / / / /
 =========|_|==============|___/=/_/_/_/
 :: Spring Boot ::        (v2.2.0.RELEASE)

2022-03-04 09:12:44.453  INFO 3683 --- [           main] c.fungus.fungusApp.FungusControllerTest  : Starting FungusControllerTest on acalles-laptop with PID 3683 (started by root in /home/acalles/fungus/fungusapp)
2022-03-04 09:12:44.455  INFO 3683 --- [           main] c.fungus.fungusApp.FungusControllerTest  : No active profile set, falling back to default profiles: default
2022-03-04 09:12:44.626  INFO 3683 --- [           main] c.fungus.fungusApp.FungusControllerTest  : Started FungusControllerTest in 0.475 seconds (JVM running for 1.585)
2022-03-04 09:12:44.965  INFO 3683 --- [           main] o.s.b.t.m.w.SpringBootMockServletContext : Initializing Spring TestDispatcherServlet ''
2022-03-04 09:12:44.966  INFO 3683 --- [           main] o.s.t.web.servlet.TestDispatcherServlet  : Initializing Servlet ''
2022-03-04 09:12:45.140  INFO 3683 --- [           main] o.s.t.web.servlet.TestDispatcherServlet  : Completed initialization in 174 ms
2022-03-04 09:12:45.197  WARN 3683 --- [           main] .w.s.m.s.DefaultHandlerExceptionResolver : Resolved [org.springframework.http.converter.HttpMessageNotWritableException: No converter found for return value of type: class com.fungus.fungusapp.model.ApiResult]
]]></system-out>
  </testcase>
</testsuite>